Using pre-set license
Built from '2021.1/staging' branch; Version is '2021.1.5f1 (3737af19df53) revision 3618735'; Using compiler version '192528614'; Build Type 'Release'
OS: 'Windows 10 Pro; OS build 19043.1706; Version 2009; 64bit' Language: 'en' Physical Memory: 16327 MB
BatchMode: 1, IsHumanControllingUs: 0, StartBugReporterOnCrash: 0, Is64bit: 1, IsPro: 0

 COMMAND LINE ARGUMENTS:
C:\Program Files\Unity\Hub\Editor\2021.1.5f1\Editor\Unity.exe
-adb2
-batchMode
-noUpm
-name
AssetImportWorker0
-projectPath
C:/Git/die-my-darling/Die My Darling
-logFile
Logs/AssetImportWorker0.log
-srvPort
49432
Successfully changed project path to: C:/Git/die-my-darling/Die My Darling
C:/Git/die-my-darling/Die My Darling
Using Asset Import Pipeline V2.
Refreshing native plugins compatible for Editor in 134.26 ms, found 2 plugins.
Preloading 0 native plugins for Editor in 0.00 ms.
Initialize engine version: 2021.1.5f1 (3737af19df53)
[Subsystems] Discovering subsystems at path C:/Program Files/Unity/Hub/Editor/2021.1.5f1/Editor/Data/Resources/UnitySubsystems
[Subsystems] Discovering subsystems at path C:/Git/die-my-darling/Die My Darling/Assets
GfxDevice: creating device client; threaded=0; jobified=0
Direct3D:
    Version:  Direct3D 11.0 [level 11.1]
    Renderer: NVIDIA GeForce GTX 1660 SUPER (ID=0x21c4)
    Vendor:   NVIDIA
    VRAM:     5991 MB
    Driver:   30.0.15.1215
Initialize mono
Mono path[0] = 'C:/Program Files/Unity/Hub/Editor/2021.1.5f1/Editor/Data/Managed'
Mono path[1] = 'C:/Program Files/Unity/Hub/Editor/2021.1.5f1/Editor/Data/MonoBleedingEdge/lib/mono/unityjit'
Mono config path = 'C:/Program Files/Unity/Hub/Editor/2021.1.5f1/Editor/Data/MonoBleedingEdge/etc'
Using monoOptions --debugger-agent=transport=dt_socket,embedding=1,server=y,suspend=n,address=127.0.0.1:56448
Begin MonoManager ReloadAssembly
Registering precompiled unity dll's ...
Register platform support module: C:/Program Files/Unity/Hub/Editor/2021.1.5f1/Editor/Data/PlaybackEngines/WebGLSupport/UnityEditor.WebGL.Extensions.dll
Register platform support module: C:/Program Files/Unity/Hub/Editor/2021.1.5f1/Editor/Data/PlaybackEngines/WindowsStandaloneSupport/UnityEditor.WindowsStandalone.Extensions.dll
Registered in 0.008778 seconds.
Native extension for WindowsStandalone target not found
Native extension for WebGL target not found
Refreshing native plugins compatible for Editor in 131.27 ms, found 2 plugins.
Preloading 0 native plugins for Editor in 0.00 ms.
Mono: successfully reloaded assembly
- Completed reload, in  2.330 seconds
Platform modules already initialized, skipping
Registering precompiled user dll's ...
Registered in 0.007116 seconds.
Begin MonoManager ReloadAssembly
Native extension for WindowsStandalone target not found
Native extension for WebGL target not found
Refreshing native plugins compatible for Editor in 143.62 ms, found 2 plugins.
Preloading 0 native plugins for Editor in 0.00 ms.
Mono: successfully reloaded assembly
- Completed reload, in  1.763 seconds
Platform modules already initialized, skipping
========================================================================
Worker process is ready to serve import requests
Launched and connected shader compiler UnityShaderCompiler.exe after 0.07 seconds
Refreshing native plugins compatible for Editor in 0.91 ms, found 2 plugins.
Preloading 0 native plugins for Editor in 0.00 ms.
Unloading 3370 Unused Serialized files (Serialized files now loaded: 0)
System memory in use before: 127.8 MB.
System memory in use after: 127.8 MB.

Unloading 29 unused Assets to reduce memory usage. Loaded Objects now: 3822.
Total: 2.814400 ms (FindLiveObjects: 0.266600 ms CreateObjectMapping: 0.139300 ms MarkObjects: 2.271200 ms  DeleteObjects: 0.135400 ms)

========================================================================
Received Import Request.
  path: Assets/Scenes/Menu.unity
  artifactKey: Guid(2cda990e2423bbf4892e6590ba056729) Importer(815301076,1909f56bfc062723c751e8b465ee728b)
Start importing Assets/Scenes/Menu.unity using Guid(2cda990e2423bbf4892e6590ba056729) Importer(815301076,1909f56bfc062723c751e8b465ee728b)  -> (artifact id: '6326e52a0cad1187c2211c62044f4e17') in 0.025459 seconds 
========================================================================
Received Import Request.
  Time since last request: 283.065169 seconds.
  path: Assets
  artifactKey: Guid(00000000000000001000000000000000) Importer(815301076,1909f56bfc062723c751e8b465ee728b)
Start importing Assets using Guid(00000000000000001000000000000000) Importer(815301076,1909f56bfc062723c751e8b465ee728b)  -> (artifact id: '42d402b061de3733987d63b9cc3b64de') in 0.015252 seconds 
========================================================================
Received Import Request.
  Time since last request: 6.795249 seconds.
  path: Assets/Backgrounds
  artifactKey: Guid(55d5631cefc5c284a8734dfe8064bf5b) Importer(815301076,1909f56bfc062723c751e8b465ee728b)
Start importing Assets/Backgrounds using Guid(55d5631cefc5c284a8734dfe8064bf5b) Importer(815301076,1909f56bfc062723c751e8b465ee728b)  -> (artifact id: 'c885da37e0874a37947955767f8d67ac') in 0.010620 seconds 
========================================================================
Received Import Request.
  Time since last request: 44.362138 seconds.
  path: Assets/Backgrounds/bkg.png
  artifactKey: Guid(d779233cdf9c3fb428542b8753443cd1) Importer(815301076,1909f56bfc062723c751e8b465ee728b)
Start importing Assets/Backgrounds/bkg.png using Guid(d779233cdf9c3fb428542b8753443cd1) Importer(815301076,1909f56bfc062723c751e8b465ee728b)  -> (artifact id: '7b39881532c6ad83f4828f00b999f6f5') in 0.155460 seconds 
========================================================================
Received Import Request.
  Time since last request: 181.795598 seconds.
  path: Assets/TextMesh Pro/Resources/Fonts & Materials/LiberationSans SDF - Drop Shadow.mat
  artifactKey: Guid(e73a58f6e2794ae7b1b7e50b7fb811b0) Importer(815301076,1909f56bfc062723c751e8b465ee728b)
Start importing Assets/TextMesh Pro/Resources/Fonts & Materials/LiberationSans SDF - Drop Shadow.mat using Guid(e73a58f6e2794ae7b1b7e50b7fb811b0) Importer(815301076,1909f56bfc062723c751e8b465ee728b)  -> (artifact id: 'ca0d2861f60500f05bd29199894f7bb5') in 0.163232 seconds 
========================================================================
Received Import Request.
  Time since last request: 0.000304 seconds.
  path: Assets/TextMesh Pro/Resources/Fonts & Materials/LiberationSans SDF - Outline.mat
  artifactKey: Guid(79459efec17a4d00a321bdcc27bbc385) Importer(815301076,1909f56bfc062723c751e8b465ee728b)
Start importing Assets/TextMesh Pro/Resources/Fonts & Materials/LiberationSans SDF - Outline.mat using Guid(79459efec17a4d00a321bdcc27bbc385) Importer(815301076,1909f56bfc062723c751e8b465ee728b)  -> (artifact id: '289988fcecf3b00d1602f8d2b589f7dd') in 0.101632 seconds 
========================================================================
Received Import Request.
  Time since last request: 0.000243 seconds.
  path: Assets/TextMesh Pro/Resources/Fonts & Materials/LiberationSans SDF - Fallback.asset
  artifactKey: Guid(2e498d1c8094910479dc3e1b768306a4) Importer(815301076,1909f56bfc062723c751e8b465ee728b)
Start importing Assets/TextMesh Pro/Resources/Fonts & Materials/LiberationSans SDF - Fallback.asset using Guid(2e498d1c8094910479dc3e1b768306a4) Importer(815301076,1909f56bfc062723c751e8b465ee728b)  -> (artifact id: 'b8c2210586957436df79bf961aeff06e') in 0.105438 seconds 
========================================================================
Received Import Request.
  Time since last request: 0.000262 seconds.
  path: Assets/TextMesh Pro/Resources/Fonts & Materials/LiberationSans SDF.asset
  artifactKey: Guid(8f586378b4e144a9851e7b34d9b748ee) Importer(815301076,1909f56bfc062723c751e8b465ee728b)
Start importing Assets/TextMesh Pro/Resources/Fonts & Materials/LiberationSans SDF.asset using Guid(8f586378b4e144a9851e7b34d9b748ee) Importer(815301076,1909f56bfc062723c751e8b465ee728b)  -> (artifact id: 'f1280cc7be10b532b2897fc8654f95d3') in 0.051991 seconds 
========================================================================
Received Import Request.
  Time since last request: 66.326837 seconds.
  path: Assets/TextMesh Pro/Resources/Fonts & Materials/Roboto-Bold.ttf
  artifactKey: Guid(17f5d644c509d584eae9b3c932bac4d0) Importer(815301076,1909f56bfc062723c751e8b465ee728b)
Start importing Assets/TextMesh Pro/Resources/Fonts & Materials/Roboto-Bold.ttf using Guid(17f5d644c509d584eae9b3c932bac4d0) Importer(815301076,1909f56bfc062723c751e8b465ee728b)  -> (artifact id: '32a7c0c23d174c8ff0f2c4f2bd7edf38') in 0.032134 seconds 
========================================================================
Received Import Request.
  Time since last request: 70.759079 seconds.
  path: Assets/TextMesh Pro/Fonts/LiberationSans.ttf
  artifactKey: Guid(e3265ab4bf004d28a9537516768c1c75) Importer(815301076,1909f56bfc062723c751e8b465ee728b)
Start importing Assets/TextMesh Pro/Fonts/LiberationSans.ttf using Guid(e3265ab4bf004d28a9537516768c1c75) Importer(815301076,1909f56bfc062723c751e8b465ee728b)  -> (artifact id: '79889cafde56e022babe0107d274bab5') in 0.019934 seconds 
========================================================================
Received Import Request.
  Time since last request: 31.262999 seconds.
  path: Assets/TextMesh Pro/Resources/Fonts & Materials/Roboto-Bold SDF.asset
  artifactKey: Guid(f8d21bde4c514804282baf14d470f66d) Importer(815301076,1909f56bfc062723c751e8b465ee728b)
Start importing Assets/TextMesh Pro/Resources/Fonts & Materials/Roboto-Bold SDF.asset using Guid(f8d21bde4c514804282baf14d470f66d) Importer(815301076,1909f56bfc062723c751e8b465ee728b) Shader 'TextMeshPro/Distance Field': fallback shader 'TextMeshPro/Mobile/Distance Field' not found
 -> (artifact id: 'e618e2236fb5105bf86c9156cf129493') in 0.029513 seconds 
========================================================================
Received Import Request.
  Time since last request: 223.407606 seconds.
  path: Assets/New TMP Color Gradient.asset
  artifactKey: Guid(aecc1219e2646144599ee9d8f0fe1c01) Importer(815301076,1909f56bfc062723c751e8b465ee728b)
Start importing Assets/New TMP Color Gradient.asset using Guid(aecc1219e2646144599ee9d8f0fe1c01) Importer(815301076,1909f56bfc062723c751e8b465ee728b)  -> (artifact id: 'c3ed7454bb236cc5dd8a31d5561cee81') in 0.009901 seconds 
========================================================================
Received Import Request.
  Time since last request: 12.210327 seconds.
  path: Assets/Gold.asset
  artifactKey: Guid(aecc1219e2646144599ee9d8f0fe1c01) Importer(815301076,1909f56bfc062723c751e8b465ee728b)
Start importing Assets/Gold.asset using Guid(aecc1219e2646144599ee9d8f0fe1c01) Importer(815301076,1909f56bfc062723c751e8b465ee728b)  -> (artifact id: '476aaad86c117e75cb36b1405d8b29c2') in 0.009394 seconds 
========================================================================
Received Import Request.
  Time since last request: 146.905452 seconds.
  path: Assets/Gold.asset
  artifactKey: Guid(aecc1219e2646144599ee9d8f0fe1c01) Importer(815301076,1909f56bfc062723c751e8b465ee728b)
Start importing Assets/Gold.asset using Guid(aecc1219e2646144599ee9d8f0fe1c01) Importer(815301076,1909f56bfc062723c751e8b465ee728b)  -> (artifact id: '02cf3a93993b75c032406335099a5caa') in 0.004705 seconds 
========================================================================
Received Prepare
Registering precompiled user dll's ...
Registered in 0.008443 seconds.
Begin MonoManager ReloadAssembly
Native extension for WindowsStandalone target not found
Native extension for WebGL target not found
Refreshing native plugins compatible for Editor in 0.94 ms, found 2 plugins.
Preloading 0 native plugins for Editor in 0.00 ms.
Mono: successfully reloaded assembly
- Completed reload, in  1.634 seconds
Platform modules already initialized, skipping
Refreshing native plugins compatible for Editor in 0.94 ms, found 2 plugins.
Preloading 0 native plugins for Editor in 0.00 ms.
Unloading 3384 Unused Serialized files (Serialized files now loaded: 0)
System memory in use before: 140.8 MB.
System memory in use after: 140.4 MB.

Unloading 28 unused Assets to reduce memory usage. Loaded Objects now: 3965.
Total: 3.128800 ms (FindLiveObjects: 0.289900 ms CreateObjectMapping: 0.144900 ms MarkObjects: 2.366000 ms  DeleteObjects: 0.326100 ms)

========================================================================
Received Prepare
Registering precompiled user dll's ...
Registered in 0.007863 seconds.
Begin MonoManager ReloadAssembly
Native extension for WindowsStandalone target not found
Native extension for WebGL target not found
Refreshing native plugins compatible for Editor in 0.93 ms, found 2 plugins.
Preloading 0 native plugins for Editor in 0.00 ms.
Mono: successfully reloaded assembly
- Completed reload, in  1.583 seconds
Platform modules already initialized, skipping
Refreshing native plugins compatible for Editor in 1.44 ms, found 2 plugins.
Preloading 0 native plugins for Editor in 0.00 ms.
Unloading 3376 Unused Serialized files (Serialized files now loaded: 0)
System memory in use before: 140.5 MB.
System memory in use after: 140.0 MB.

Unloading 28 unused Assets to reduce memory usage. Loaded Objects now: 3969.
Total: 3.423600 ms (FindLiveObjects: 0.313800 ms CreateObjectMapping: 0.143900 ms MarkObjects: 2.582600 ms  DeleteObjects: 0.381100 ms)

========================================================================
Received Prepare
Registering precompiled user dll's ...
Registered in 0.007188 seconds.
Begin MonoManager ReloadAssembly
Native extension for WindowsStandalone target not found
Native extension for WebGL target not found
Refreshing native plugins compatible for Editor in 0.92 ms, found 2 plugins.
Preloading 0 native plugins for Editor in 0.00 ms.
Mono: successfully reloaded assembly
- Completed reload, in  1.410 seconds
Platform modules already initialized, skipping
Refreshing native plugins compatible for Editor in 0.98 ms, found 2 plugins.
Preloading 0 native plugins for Editor in 0.00 ms.
Unloading 3376 Unused Serialized files (Serialized files now loaded: 0)
System memory in use before: 140.5 MB.
System memory in use after: 140.1 MB.

Unloading 28 unused Assets to reduce memory usage. Loaded Objects now: 3973.
Total: 3.268000 ms (FindLiveObjects: 0.305500 ms CreateObjectMapping: 0.140800 ms MarkObjects: 2.384300 ms  DeleteObjects: 0.434900 ms)

========================================================================
Received Prepare
Registering precompiled user dll's ...
Registered in 0.008110 seconds.
Begin MonoManager ReloadAssembly
Native extension for WindowsStandalone target not found
Native extension for WebGL target not found
Refreshing native plugins compatible for Editor in 1.01 ms, found 2 plugins.
Preloading 0 native plugins for Editor in 0.00 ms.
Mono: successfully reloaded assembly
- Completed reload, in  1.511 seconds
Platform modules already initialized, skipping
Refreshing native plugins compatible for Editor in 0.91 ms, found 2 plugins.
Preloading 0 native plugins for Editor in 0.00 ms.
Unloading 3376 Unused Serialized files (Serialized files now loaded: 0)
System memory in use before: 140.5 MB.
System memory in use after: 140.1 MB.

Unloading 28 unused Assets to reduce memory usage. Loaded Objects now: 3977.
Total: 3.408000 ms (FindLiveObjects: 0.464400 ms CreateObjectMapping: 0.171100 ms MarkObjects: 2.391000 ms  DeleteObjects: 0.379300 ms)

========================================================================
Received Prepare
Registering precompiled user dll's ...
Registered in 0.006910 seconds.
Begin MonoManager ReloadAssembly
Native extension for WindowsStandalone target not found
Native extension for WebGL target not found
Refreshing native plugins compatible for Editor in 1.21 ms, found 2 plugins.
Preloading 0 native plugins for Editor in 0.00 ms.
Mono: successfully reloaded assembly
- Completed reload, in  1.524 seconds
Platform modules already initialized, skipping
Refreshing native plugins compatible for Editor in 0.95 ms, found 2 plugins.
Preloading 0 native plugins for Editor in 0.00 ms.
Unloading 3376 Unused Serialized files (Serialized files now loaded: 0)
System memory in use before: 140.6 MB.
System memory in use after: 140.1 MB.

Unloading 28 unused Assets to reduce memory usage. Loaded Objects now: 3981.
Total: 3.388800 ms (FindLiveObjects: 0.379700 ms CreateObjectMapping: 0.142500 ms MarkObjects: 2.453800 ms  DeleteObjects: 0.410700 ms)

========================================================================
Received Prepare
Registering precompiled user dll's ...
Registered in 0.007251 seconds.
Begin MonoManager ReloadAssembly
Native extension for WindowsStandalone target not found
Native extension for WebGL target not found
Refreshing native plugins compatible for Editor in 1.00 ms, found 2 plugins.
Preloading 0 native plugins for Editor in 0.00 ms.
Mono: successfully reloaded assembly
- Completed reload, in  1.525 seconds
Platform modules already initialized, skipping
Refreshing native plugins compatible for Editor in 0.94 ms, found 2 plugins.
Preloading 0 native plugins for Editor in 0.00 ms.
Unloading 3376 Unused Serialized files (Serialized files now loaded: 0)
System memory in use before: 140.6 MB.
System memory in use after: 140.1 MB.

Unloading 28 unused Assets to reduce memory usage. Loaded Objects now: 3985.
Total: 3.395000 ms (FindLiveObjects: 0.339700 ms CreateObjectMapping: 0.145800 ms MarkObjects: 2.489100 ms  DeleteObjects: 0.418400 ms)

========================================================================
Received Prepare
Registering precompiled user dll's ...
Registered in 0.006554 seconds.
Begin MonoManager ReloadAssembly
Native extension for WindowsStandalone target not found
Native extension for WebGL target not found
Refreshing native plugins compatible for Editor in 1.81 ms, found 2 plugins.
Preloading 0 native plugins for Editor in 0.00 ms.
Mono: successfully reloaded assembly
- Completed reload, in  1.782 seconds
Platform modules already initialized, skipping
Refreshing native plugins compatible for Editor in 0.93 ms, found 2 plugins.
Preloading 0 native plugins for Editor in 0.00 ms.
Unloading 3376 Unused Serialized files (Serialized files now loaded: 0)
System memory in use before: 140.6 MB.
System memory in use after: 140.1 MB.

Unloading 28 unused Assets to reduce memory usage. Loaded Objects now: 3989.
Total: 3.178200 ms (FindLiveObjects: 0.291900 ms CreateObjectMapping: 0.170200 ms MarkObjects: 2.361100 ms  DeleteObjects: 0.353400 ms)

========================================================================
Received Prepare
Registering precompiled user dll's ...
Registered in 0.006534 seconds.
Begin MonoManager ReloadAssembly
Native extension for WindowsStandalone target not found
Native extension for WebGL target not found
Refreshing native plugins compatible for Editor in 1.00 ms, found 2 plugins.
Preloading 0 native plugins for Editor in 0.00 ms.
Mono: successfully reloaded assembly
- Completed reload, in  1.350 seconds
Platform modules already initialized, skipping
Refreshing native plugins compatible for Editor in 0.95 ms, found 2 plugins.
Preloading 0 native plugins for Editor in 0.00 ms.
Unloading 3376 Unused Serialized files (Serialized files now loaded: 0)
System memory in use before: 140.6 MB.
System memory in use after: 140.1 MB.

Unloading 28 unused Assets to reduce memory usage. Loaded Objects now: 3993.
Total: 3.319100 ms (FindLiveObjects: 0.318000 ms CreateObjectMapping: 0.144100 ms MarkObjects: 2.478900 ms  DeleteObjects: 0.375900 ms)

========================================================================
Received Prepare
Registering precompiled user dll's ...
Registered in 0.010101 seconds.
Begin MonoManager ReloadAssembly
Native extension for WindowsStandalone target not found
Native extension for WebGL target not found
Refreshing native plugins compatible for Editor in 0.94 ms, found 2 plugins.
Preloading 0 native plugins for Editor in 0.00 ms.
Mono: successfully reloaded assembly
- Completed reload, in  1.509 seconds
Platform modules already initialized, skipping
Refreshing native plugins compatible for Editor in 0.91 ms, found 2 plugins.
Preloading 0 native plugins for Editor in 0.00 ms.
Unloading 3376 Unused Serialized files (Serialized files now loaded: 0)
System memory in use before: 140.6 MB.
System memory in use after: 140.2 MB.

Unloading 28 unused Assets to reduce memory usage. Loaded Objects now: 3997.
Total: 2.991200 ms (FindLiveObjects: 0.304200 ms CreateObjectMapping: 0.141700 ms MarkObjects: 2.187600 ms  DeleteObjects: 0.356100 ms)

========================================================================
Received Prepare
Registering precompiled user dll's ...
Registered in 0.007539 seconds.
Begin MonoManager ReloadAssembly
Native extension for WindowsStandalone target not found
Native extension for WebGL target not found
Refreshing native plugins compatible for Editor in 0.98 ms, found 2 plugins.
Preloading 0 native plugins for Editor in 0.00 ms.
Mono: successfully reloaded assembly
- Completed reload, in  1.786 seconds
Platform modules already initialized, skipping
Refreshing native plugins compatible for Editor in 0.98 ms, found 2 plugins.
Preloading 0 native plugins for Editor in 0.00 ms.
Unloading 3376 Unused Serialized files (Serialized files now loaded: 0)
System memory in use before: 140.6 MB.
System memory in use after: 140.2 MB.

Unloading 28 unused Assets to reduce memory usage. Loaded Objects now: 4001.
Total: 5.290300 ms (FindLiveObjects: 0.294500 ms CreateObjectMapping: 0.144100 ms MarkObjects: 4.436700 ms  DeleteObjects: 0.413000 ms)

========================================================================
Received Prepare
Registering precompiled user dll's ...
Registered in 0.009795 seconds.
Begin MonoManager ReloadAssembly
Native extension for WindowsStandalone target not found
Native extension for WebGL target not found
Refreshing native plugins compatible for Editor in 0.95 ms, found 2 plugins.
Preloading 0 native plugins for Editor in 0.00 ms.
Mono: successfully reloaded assembly
- Completed reload, in  1.840 seconds
Platform modules already initialized, skipping
Refreshing native plugins compatible for Editor in 1.02 ms, found 2 plugins.
Preloading 0 native plugins for Editor in 0.00 ms.
Unloading 3377 Unused Serialized files (Serialized files now loaded: 0)
System memory in use before: 140.7 MB.
System memory in use after: 140.2 MB.

Unloading 28 unused Assets to reduce memory usage. Loaded Objects now: 4006.
Total: 4.412000 ms (FindLiveObjects: 0.604300 ms CreateObjectMapping: 0.227500 ms MarkObjects: 3.137900 ms  DeleteObjects: 0.439900 ms)

========================================================================
Received Import Request.
  Time since last request: 1473.788555 seconds.
  path: Assets/MainMenu.cs
  artifactKey: Guid(a2ec8bf2a57c9b946af34afc2f9f8717) Importer(815301076,1909f56bfc062723c751e8b465ee728b)
Start importing Assets/MainMenu.cs using Guid(a2ec8bf2a57c9b946af34afc2f9f8717) Importer(815301076,1909f56bfc062723c751e8b465ee728b)  -> (artifact id: 'd70227dc8beff9394a37ed63c5768baa') in 0.019475 seconds 
========================================================================
Received Prepare
Registering precompiled user dll's ...
Registered in 0.011730 seconds.
Begin MonoManager ReloadAssembly
Native extension for WindowsStandalone target not found
Native extension for WebGL target not found
Refreshing native plugins compatible for Editor in 1.19 ms, found 2 plugins.
Preloading 0 native plugins for Editor in 0.00 ms.
Mono: successfully reloaded assembly
- Completed reload, in  1.891 seconds
Platform modules already initialized, skipping
Refreshing native plugins compatible for Editor in 0.92 ms, found 2 plugins.
Preloading 0 native plugins for Editor in 0.00 ms.
Unloading 3377 Unused Serialized files (Serialized files now loaded: 0)
System memory in use before: 140.7 MB.
System memory in use after: 140.2 MB.

Unloading 28 unused Assets to reduce memory usage. Loaded Objects now: 4010.
Total: 3.774000 ms (FindLiveObjects: 0.302200 ms CreateObjectMapping: 0.142800 ms MarkObjects: 2.867500 ms  DeleteObjects: 0.459400 ms)

========================================================================
Received Import Request.
  Time since last request: 54.635161 seconds.
  path: Assets/MainMenu.cs
  artifactKey: Guid(a2ec8bf2a57c9b946af34afc2f9f8717) Importer(815301076,1909f56bfc062723c751e8b465ee728b)
Start importing Assets/MainMenu.cs using Guid(a2ec8bf2a57c9b946af34afc2f9f8717) Importer(815301076,1909f56bfc062723c751e8b465ee728b)  -> (artifact id: 'c10a9bc01684173c48c35c81febedcd8') in 0.010196 seconds 
========================================================================
Received Import Request.
  Time since last request: 1.338224 seconds.
  path: Assets/Scenes
  artifactKey: Guid(81e98978efd31754690146388e2dbefc) Importer(815301076,1909f56bfc062723c751e8b465ee728b)
Start importing Assets/Scenes using Guid(81e98978efd31754690146388e2dbefc) Importer(815301076,1909f56bfc062723c751e8b465ee728b)  -> (artifact id: '7959fae87883f2729d54c22c7d0fc066') in 0.011366 seconds 
========================================================================
Received Import Request.
  Time since last request: 6.115294 seconds.
  path: Assets/Scenes/Game.unity
  artifactKey: Guid(188e914a72e379148b946e437a2e902a) Importer(815301076,1909f56bfc062723c751e8b465ee728b)
Start importing Assets/Scenes/Game.unity using Guid(188e914a72e379148b946e437a2e902a) Importer(815301076,1909f56bfc062723c751e8b465ee728b)  -> (artifact id: '3509c697025532302f51142f6960211f') in 0.018893 seconds 
========================================================================
Received Prepare
Registering precompiled user dll's ...
Registered in 0.008307 seconds.
Begin MonoManager ReloadAssembly
Native extension for WindowsStandalone target not found
Native extension for WebGL target not found
Refreshing native plugins compatible for Editor in 0.92 ms, found 2 plugins.
Preloading 0 native plugins for Editor in 0.00 ms.
Mono: successfully reloaded assembly
- Completed reload, in  1.752 seconds
Platform modules already initialized, skipping
Refreshing native plugins compatible for Editor in 1.02 ms, found 2 plugins.
Preloading 0 native plugins for Editor in 0.00 ms.
Unloading 3377 Unused Serialized files (Serialized files now loaded: 0)
System memory in use before: 140.7 MB.
System memory in use after: 140.3 MB.

Unloading 28 unused Assets to reduce memory usage. Loaded Objects now: 4014.
Total: 4.134700 ms (FindLiveObjects: 0.301600 ms CreateObjectMapping: 0.145300 ms MarkObjects: 3.264600 ms  DeleteObjects: 0.420900 ms)

========================================================================
Received Prepare
Registering precompiled user dll's ...
Registered in 0.006657 seconds.
Begin MonoManager ReloadAssembly
Native extension for WindowsStandalone target not found
Native extension for WebGL target not found
Refreshing native plugins compatible for Editor in 0.96 ms, found 2 plugins.
Preloading 0 native plugins for Editor in 0.00 ms.
Mono: successfully reloaded assembly
- Completed reload, in  1.679 seconds
Platform modules already initialized, skipping
Refreshing native plugins compatible for Editor in 0.91 ms, found 2 plugins.
Preloading 0 native plugins for Editor in 0.00 ms.
Unloading 3377 Unused Serialized files (Serialized files now loaded: 0)
System memory in use before: 140.7 MB.
System memory in use after: 140.3 MB.

Unloading 28 unused Assets to reduce memory usage. Loaded Objects now: 4018.
Total: 2.972300 ms (FindLiveObjects: 0.302500 ms CreateObjectMapping: 0.141800 ms MarkObjects: 2.178400 ms  DeleteObjects: 0.348100 ms)

========================================================================
Received Prepare
Registering precompiled user dll's ...
Registered in 0.006602 seconds.
Begin MonoManager ReloadAssembly
Native extension for WindowsStandalone target not found
Native extension for WebGL target not found
Refreshing native plugins compatible for Editor in 0.92 ms, found 2 plugins.
Preloading 0 native plugins for Editor in 0.00 ms.
Mono: successfully reloaded assembly
- Completed reload, in  1.451 seconds
Platform modules already initialized, skipping
Refreshing native plugins compatible for Editor in 0.91 ms, found 2 plugins.
Preloading 0 native plugins for Editor in 0.00 ms.
Unloading 3377 Unused Serialized files (Serialized files now loaded: 0)
System memory in use before: 140.7 MB.
System memory in use after: 140.3 MB.

Unloading 28 unused Assets to reduce memory usage. Loaded Objects now: 4022.
Total: 3.344800 ms (FindLiveObjects: 0.299000 ms CreateObjectMapping: 0.143300 ms MarkObjects: 2.527100 ms  DeleteObjects: 0.373500 ms)

========================================================================
Received Prepare
Registering precompiled user dll's ...
Registered in 0.006567 seconds.
Begin MonoManager ReloadAssembly
Native extension for WindowsStandalone target not found
Native extension for WebGL target not found
Refreshing native plugins compatible for Editor in 1.35 ms, found 2 plugins.
Preloading 0 native plugins for Editor in 0.00 ms.
Mono: successfully reloaded assembly
- Completed reload, in  1.774 seconds
Platform modules already initialized, skipping
Refreshing native plugins compatible for Editor in 0.93 ms, found 2 plugins.
Preloading 0 native plugins for Editor in 0.00 ms.
Unloading 3377 Unused Serialized files (Serialized files now loaded: 0)
System memory in use before: 140.7 MB.
System memory in use after: 140.3 MB.

Unloading 28 unused Assets to reduce memory usage. Loaded Objects now: 4026.
Total: 2.985500 ms (FindLiveObjects: 0.312000 ms CreateObjectMapping: 0.142700 ms MarkObjects: 2.175700 ms  DeleteObjects: 0.353500 ms)

========================================================================
Received Prepare
Registering precompiled user dll's ...
Registered in 0.007472 seconds.
Begin MonoManager ReloadAssembly
Native extension for WindowsStandalone target not found
Native extension for WebGL target not found
Refreshing native plugins compatible for Editor in 0.93 ms, found 2 plugins.
Preloading 0 native plugins for Editor in 0.00 ms.
Mono: successfully reloaded assembly
- Completed reload, in  1.476 seconds
Platform modules already initialized, skipping
Refreshing native plugins compatible for Editor in 0.91 ms, found 2 plugins.
Preloading 0 native plugins for Editor in 0.00 ms.
Unloading 3377 Unused Serialized files (Serialized files now loaded: 0)
System memory in use before: 140.7 MB.
System memory in use after: 140.3 MB.

Unloading 28 unused Assets to reduce memory usage. Loaded Objects now: 4030.
Total: 3.523300 ms (FindLiveObjects: 0.292800 ms CreateObjectMapping: 0.141600 ms MarkObjects: 2.725300 ms  DeleteObjects: 0.361800 ms)

AssetImportWorkerClient::OnTransportError - code=2 error=End of file
